{ message:
   'The `uri` parameter to `openUri()` must be a string, got "undefined". Make sure the first parameter to `mongoose.connect()` or `mongoose.createConnection()` is a string.',
  level: 'error',
  timestamp: '2021-03-05T21:39:31.937Z' }
{ message: 'bad auth : Authentication failed.',
  level: 'error',
  timestamp: '2021-03-05T22:14:02.781Z' }
{ message: 'Mongo connection successfully!',
  level: 'info',
  timestamp: '2021-03-06T17:33:57.029Z' }
{ message:
   '\u001b[0mGET / \u001b[31m501\u001b[0m 2.640 ms - 15\u001b[0m',
  level: 'info',
  timestamp: '2021-03-06T18:04:38.973Z' }
{ message:
   '\u001b[0mGET /favicon.ico \u001b[32m204\u001b[0m 0.609 ms - -\u001b[0m',
  level: 'info',
  timestamp: '2021-03-06T18:04:39.253Z' }
{ message:
   '\u001b[0mGET / \u001b[31m501\u001b[0m 0.206 ms - 15\u001b[0m',
  level: 'info',
  timestamp: '2021-03-06T18:12:08.298Z' }
{ message:
   '\u001b[0mGET /favicon.ico \u001b[32m204\u001b[0m 0.193 ms - -\u001b[0m',
  level: 'info',
  timestamp: '2021-03-06T18:12:08.465Z' }
{ message: 'Mongo connection successfully!',
  level: 'info',
  timestamp: '2021-03-06T18:18:45.691Z' }
{ message:
   'querySrv ESERVFAIL _mongodb._tcp.travelappclaster.otjuv.mongodb.net',
  level: 'error',
  timestamp: '2021-03-06T18:19:17.895Z' }
{ message:
   'querySrv ESERVFAIL _mongodb._tcp.travelappclaster.otjuv.mongodb.net',
  level: 'error',
  timestamp: '2021-03-06T19:47:59.299Z' }
{ message:
   'querySrv ESERVFAIL _mongodb._tcp.travelappclaster.otjuv.mongodb.net',
  level: 'error',
  timestamp: '2021-03-06T19:48:25.681Z' }
{ message: 'Mongo connection successfully!',
  level: 'info',
  timestamp: '2021-03-06T19:49:22.072Z' }
{ message: 'Mongo connection successfully!',
  level: 'info',
  timestamp: '2021-03-06T19:52:46.497Z' }
{ message:
   'querySrv ESERVFAIL _mongodb._tcp.travelappclaster.otjuv.mongodb.net',
  level: 'error',
  timestamp: '2021-03-06T19:53:15.379Z' }
{ message:
   'querySrv ESERVFAIL _mongodb._tcp.travelappclaster.otjuv.mongodb.net',
  level: 'error',
  timestamp: '2021-03-06T19:53:45.228Z' }
{ message: 'Mongo connection successfully!',
  level: 'info',
  timestamp: '2021-03-06T19:54:24.450Z' }
{ message:
   'querySrv ESERVFAIL _mongodb._tcp.travelappclaster.otjuv.mongodb.net',
  level: 'error',
  timestamp: '2021-03-06T19:55:12.256Z' }
{ message: 'Mongo connection successfully!',
  level: 'info',
  timestamp: '2021-03-06T19:55:33.600Z' }
